<?xml version="1.0" encoding="UTF-8"?>
<!-- Generated by org.testng.reporters.JUnitXMLReporter -->
<testsuite hostname="HPDA0192" ignored="0" name="Default test" tests="3" failures="0" timestamp="27 Jun 2018 06:43:38 GMT" time="12.072" errors="0">
  <testcase name="InputDrop" time="0.173" classname="com.BingTranslationAuto.BingAutomation.AppTest"/>
  <testcase name="OutputDrop" time="0.114" classname="com.BingTranslationAuto.BingAutomation.AppTest"/>
  <testcase name="sendText" time="1.557" classname="com.BingTranslationAuto.BingAutomation.AppTest"/>
</testsuite> <!-- Default test -->
